<?xml version="1.0" encoding="UTF-8"?>
<!-- Generated by org.testng.reporters.JUnitReportReporter -->
<testsuite hostname="MacBook-Pro-Vera.local" failures="0" tests="4" name="com.qa.tests.DemoTest" time="0.012" errors="0" timestamp="2021-12-07T12:03:17 EET" skipped="0">
  <testcase classname="com.qa.tests.DemoTest" name="multi" time="0.002"/>
  <system-out/>
  <testcase classname="com.qa.tests.DemoTest" name="sum" time="0.001"/>
  <system-out/>
  <testcase classname="com.qa.tests.DemoTest" name="sub" time="0.001"/>
  <system-out/>
  <testcase classname="com.qa.tests.DemoTest" name="div" time="0.008"/>
  <system-out/>
</testsuite> <!-- com.qa.tests.DemoTest -->
