<?xml version="1.0" encoding="UTF-8"?>
<!-- Generated by org.testng.reporters.JUnitReportReporter -->
<testsuite hostname="MacBook-Pro-Vera.local" failures="0" tests="4" name="com.qa.tests.DemoTest2" time="0.000" errors="0" timestamp="2021-12-14T11:47:54 EET" skipped="0">
  <testcase classname="com.qa.tests.DemoTest2" name="div" time="0.000"/>
  <system-out/>
  <testcase classname="com.qa.tests.DemoTest2" name="sum" time="0.000"/>
  <system-out/>
  <testcase classname="com.qa.tests.DemoTest2" name="multi" time="0.000"/>
  <system-out/>
  <testcase classname="com.qa.tests.DemoTest2" name="sub" time="0.000"/>
  <system-out/>
</testsuite> <!-- com.qa.tests.DemoTest2 -->
